<?xml version="1.0" encoding="UTF-8"?>
<testsuite xmlns:xsi="http://www.w3.org/2001/XMLSchema-instance" xsi:noNamespaceSchemaLocation="https://maven.apache.org/surefire/maven-surefire-plugin/xsd/surefire-test-report.xsd" name="MainPageSmokeTest" time="1.158" tests="3" errors="0" skipped="0" failures="0">
  <properties>
[...]
</properties>
  <testcase name="PhotosEndpointResponds200" classname="MainPageSmokeTest" time="0.23"/>
  <testcase name="OnePhotoJSONResponds200" classname="MainPageSmokeTest" time="0.437"/>
  <testcase name="AlbumFiltering" classname="MainPageSmokeTest" time="0.49"/>
</testsuite>